mobile/android/app/build/intermediates/manifest_merge_blame_file/debug/processDebugMainManifest/manifest-merger-blame-debug-report.txt
1<?xml version="1.0" encoding="utf-8"?>
2<manifest xmlns:android="http://schemas.android.com/apk/res/android"
3    package="com.dietai.mobile"
4    android:versionCode="1"
5    android:versionName="1.0.0" >
6
7    <uses-sdk
8        android:minSdkVersion="24"
9        android:targetSdkVersion="34" />
10
11    <uses-permission android:name="android.permission.SYSTEM_ALERT_WINDOW" />
11-->src/main/AndroidManifest.xml:4:3-75
11-->src/main/AndroidManifest.xml:4:20-73
12    <uses-permission android:name="android.permission.INTERNET" />
12-->src/main/AndroidManifest.xml:2:3-64
12-->src/main/AndroidManifest.xml:2:20-62
13    <uses-permission android:name="android.permission.READ_EXTERNAL_STORAGE" />
13-->src/main/AndroidManifest.xml:3:3-77
13-->src/main/AndroidManifest.xml:3:20-75
14    <uses-permission android:name="android.permission.VIBRATE" />
14-->src/main/AndroidManifest.xml:5:3-63
14-->src/main/AndroidManifest.xml:5:20-61
15    <uses-permission android:name="android.permission.WRITE_EXTERNAL_STORAGE" />
15-->src/main/AndroidManifest.xml:6:3-78
15-->src/main/AndroidManifest.xml:6:20-76
16
17    <queries>
17-->src/main/AndroidManifest.xml:7:3-13:13
18        <intent>
18-->src/main/AndroidManifest.xml:8:5-12:14
19            <action android:name="android.intent.action.VIEW" />
19-->src/main/AndroidManifest.xml:9:7-58
19-->src/main/AndroidManifest.xml:9:15-56
20
21            <category android:name="android.intent.category.BROWSABLE" />
21-->src/main/AndroidManifest.xml:10:7-67
21-->src/main/AndroidManifest.xml:10:17-65
22
23            <data android:scheme="https" />
23-->src/main/AndroidManifest.xml:11:7-37
23-->src/main/AndroidManifest.xml:11:13-35
24        </intent>
25        <!-- Query open documents -->
26        <intent>
26-->[:expo-file-system] AndroidManifest.xml:15:9-17:18
27            <action android:name="android.intent.action.OPEN_DOCUMENT_TREE" />
27-->[:expo-file-system] AndroidManifest.xml:16:13-79
27-->[:expo-file-system] AndroidManifest.xml:16:21-76
28        </intent>
29        <intent>
29-->[:expo-web-browser] AndroidManifest.xml:8:9-12:18
30
31            <!-- Required for opening tabs if targeting API 30 -->
32            <action android:name="android.support.customtabs.action.CustomTabsService" />
32-->[:expo-web-browser] AndroidManifest.xml:11:13-90
32-->[:expo-web-browser] AndroidManifest.xml:11:21-87
33        </intent>
34    </queries>
35
36    <permission
36-->[androidx.core:core:1.13.1] AndroidManifest.xml:22:5-24:47
37        android:name="com.dietai.mobile.DYNAMIC_RECEIVER_NOT_EXPORTED_PERMISSION"
37-->[androidx.core:core:1.13.1] AndroidManifest.xml:23:9-81
38        android:protectionLevel="signature" />
38-->[androidx.core:core:1.13.1] AndroidManifest.xml:24:9-44
39
40    <uses-permission android:name="com.dietai.mobile.DYNAMIC_RECEIVER_NOT_EXPORTED_PERMISSION" />
40-->[androidx.core:core:1.13.1] AndroidManifest.xml:26:5-97
40-->[androidx.core:core:1.13.1] AndroidManifest.xml:26:22-94
41
42    <application
42-->src/main/AndroidManifest.xml:14:3-32:17
43        android:name="com.dietai.mobile.MainApplication"
43-->src/main/AndroidManifest.xml:14:16-47
44        android:allowBackup="true"
44-->src/main/AndroidManifest.xml:14:162-188
45        android:appComponentFactory="androidx.core.app.CoreComponentFactory"
45-->[androidx.core:core:1.13.1] AndroidManifest.xml:28:18-86
46        android:debuggable="true"
47        android:extractNativeLibs="false"
48        android:icon="@mipmap/ic_launcher"
48-->src/main/AndroidManifest.xml:14:81-115
49        android:label="@string/app_name"
49-->src/main/AndroidManifest.xml:14:48-80
50        android:roundIcon="@mipmap/ic_launcher_round"
50-->src/main/AndroidManifest.xml:14:116-161
51        android:supportsRtl="true"
51-->src/main/AndroidManifest.xml:14:221-247
52        android:theme="@style/AppTheme"
52-->src/main/AndroidManifest.xml:14:189-220
53        android:usesCleartextTraffic="true" >
53-->src/debug/AndroidManifest.xml:6:18-53
54        <meta-data
54-->src/main/AndroidManifest.xml:15:5-83
55            android:name="expo.modules.updates.ENABLED"
55-->src/main/AndroidManifest.xml:15:16-59
56            android:value="false" />
56-->src/main/AndroidManifest.xml:15:60-81
57        <meta-data
57-->src/main/AndroidManifest.xml:16:5-105
58            android:name="expo.modules.updates.EXPO_UPDATES_CHECK_ON_LAUNCH"
58-->src/main/AndroidManifest.xml:16:16-80
59            android:value="ALWAYS" />
59-->src/main/AndroidManifest.xml:16:81-103
60        <meta-data
60-->src/main/AndroidManifest.xml:17:5-99
61            android:name="expo.modules.updates.EXPO_UPDATES_LAUNCH_WAIT_MS"
61-->src/main/AndroidManifest.xml:17:16-79
62            android:value="0" />
62-->src/main/AndroidManifest.xml:17:80-97
63
64        <activity
64-->src/main/AndroidManifest.xml:18:5-31:16
65            android:name="com.dietai.mobile.MainActivity"
65-->src/main/AndroidManifest.xml:18:15-43
66            android:configChanges="keyboard|keyboardHidden|orientation|screenSize|screenLayout|uiMode"
66-->src/main/AndroidManifest.xml:18:44-134
67            android:exported="true"
67-->src/main/AndroidManifest.xml:18:256-279
68            android:launchMode="singleTask"
68-->src/main/AndroidManifest.xml:18:135-166
69            android:screenOrientation="portrait"
69-->src/main/AndroidManifest.xml:18:280-316
70            android:theme="@style/Theme.App.SplashScreen"
70-->src/main/AndroidManifest.xml:18:210-255
71            android:windowSoftInputMode="adjustResize" >
71-->src/main/AndroidManifest.xml:18:167-209
72            <intent-filter>
72-->src/main/AndroidManifest.xml:19:7-22:23
73                <action android:name="android.intent.action.MAIN" />
73-->src/main/AndroidManifest.xml:20:9-60
73-->src/main/AndroidManifest.xml:20:17-58
74
75                <category android:name="android.intent.category.LAUNCHER" />
75-->src/main/AndroidManifest.xml:21:9-68
75-->src/main/AndroidManifest.xml:21:19-66
76            </intent-filter>
77            <intent-filter>
77-->src/main/AndroidManifest.xml:23:7-30:23
78                <action android:name="android.intent.action.VIEW" />
78-->src/main/AndroidManifest.xml:9:7-58
78-->src/main/AndroidManifest.xml:9:15-56
79
80                <category android:name="android.intent.category.DEFAULT" />
80-->src/main/AndroidManifest.xml:25:9-67
80-->src/main/AndroidManifest.xml:25:19-65
81                <category android:name="android.intent.category.BROWSABLE" />
81-->src/main/AndroidManifest.xml:10:7-67
81-->src/main/AndroidManifest.xml:10:17-65
82
83                <data android:scheme="myapp" />
83-->src/main/AndroidManifest.xml:11:7-37
83-->src/main/AndroidManifest.xml:11:13-35
84                <data android:scheme="com.dietai.mobile" />
84-->src/main/AndroidManifest.xml:11:7-37
84-->src/main/AndroidManifest.xml:11:13-35
85                <data android:scheme="exp+mobile" />
85-->src/main/AndroidManifest.xml:11:7-37
85-->src/main/AndroidManifest.xml:11:13-35
86            </intent-filter>
87        </activity>
88
89        <provider
89-->[:react-native-webview] AndroidManifest.xml:8:9-16:20
90            android:name="com.reactnativecommunity.webview.RNCWebViewFileProvider"
90-->[:react-native-webview] AndroidManifest.xml:9:13-83
91            android:authorities="com.dietai.mobile.fileprovider"
91-->[:react-native-webview] AndroidManifest.xml:10:13-64
92            android:exported="false"
92-->[:react-native-webview] AndroidManifest.xml:11:13-37
93            android:grantUriPermissions="true" >
93-->[:react-native-webview] AndroidManifest.xml:12:13-47
94            <meta-data
94-->[:react-native-webview] AndroidManifest.xml:13:13-15:63
95                android:name="android.support.FILE_PROVIDER_PATHS"
95-->[:react-native-webview] AndroidManifest.xml:14:17-67
96                android:resource="@xml/file_provider_paths" />
96-->[:react-native-webview] AndroidManifest.xml:15:17-60
97        </provider>
98        <provider
98-->[:expo-file-system] AndroidManifest.xml:21:9-30:20
99            android:name="expo.modules.filesystem.FileSystemFileProvider"
99-->[:expo-file-system] AndroidManifest.xml:22:13-74
100            android:authorities="com.dietai.mobile.FileSystemFileProvider"
100-->[:expo-file-system] AndroidManifest.xml:23:13-74
101            android:exported="false"
101-->[:expo-file-system] AndroidManifest.xml:24:13-37
102            android:grantUriPermissions="true" >
102-->[:expo-file-system] AndroidManifest.xml:25:13-47
103            <meta-data
103-->[:react-native-webview] AndroidManifest.xml:13:13-15:63
104                android:name="android.support.FILE_PROVIDER_PATHS"
104-->[:react-native-webview] AndroidManifest.xml:14:17-67
105                android:resource="@xml/file_system_provider_paths" />
105-->[:react-native-webview] AndroidManifest.xml:15:17-60
106        </provider>
107
108        <meta-data
108-->[:expo-modules-core] AndroidManifest.xml:9:9-11:89
109            android:name="org.unimodules.core.AppLoader#react-native-headless"
109-->[:expo-modules-core] AndroidManifest.xml:10:13-79
110            android:value="expo.modules.adapters.react.apploader.RNHeadlessAppLoader" />
110-->[:expo-modules-core] AndroidManifest.xml:11:13-86
111        <meta-data
111-->[:expo-modules-core] AndroidManifest.xml:12:9-15:45
112            android:name="com.facebook.soloader.enabled"
112-->[:expo-modules-core] AndroidManifest.xml:13:13-57
113            android:value="true" />
113-->[:expo-modules-core] AndroidManifest.xml:14:13-33
114
115        <activity
115-->[com.facebook.react:react-android:0.76.7] AndroidManifest.xml:19:9-21:40
116            android:name="com.facebook.react.devsupport.DevSettingsActivity"
116-->[com.facebook.react:react-android:0.76.7] AndroidManifest.xml:20:13-77
117            android:exported="false" />
117-->[com.facebook.react:react-android:0.76.7] AndroidManifest.xml:21:13-37
118
119        <provider
119-->[androidx.emoji2:emoji2:1.3.0] AndroidManifest.xml:24:9-32:20
120            android:name="androidx.startup.InitializationProvider"
120-->[androidx.emoji2:emoji2:1.3.0] AndroidManifest.xml:25:13-67
121            android:authorities="com.dietai.mobile.androidx-startup"
121-->[androidx.emoji2:emoji2:1.3.0] AndroidManifest.xml:26:13-68
122            android:exported="false" >
122-->[androidx.emoji2:emoji2:1.3.0] AndroidManifest.xml:27:13-37
123            <meta-data
123-->[androidx.emoji2:emoji2:1.3.0] AndroidManifest.xml:29:13-31:52
124                android:name="androidx.emoji2.text.EmojiCompatInitializer"
124-->[androidx.emoji2:emoji2:1.3.0] AndroidManifest.xml:30:17-75
125                android:value="androidx.startup" />
125-->[androidx.emoji2:emoji2:1.3.0] AndroidManifest.xml:31:17-49
126            <meta-data
126-->[androidx.lifecycle:lifecycle-process:2.8.3] AndroidManifest.xml:29:13-31:52
127                android:name="androidx.lifecycle.ProcessLifecycleInitializer"
127-->[androidx.lifecycle:lifecycle-process:2.8.3] AndroidManifest.xml:30:17-78
128                android:value="androidx.startup" />
128-->[androidx.lifecycle:lifecycle-process:2.8.3] AndroidManifest.xml:31:17-49
129            <meta-data
129-->[androidx.profileinstaller:profileinstaller:1.3.1] AndroidManifest.xml:29:13-31:52
130                android:name="androidx.profileinstaller.ProfileInstallerInitializer"
130-->[androidx.profileinstaller:profileinstaller:1.3.1] AndroidManifest.xml:30:17-85
131                android:value="androidx.startup" />
131-->[androidx.profileinstaller:profileinstaller:1.3.1] AndroidManifest.xml:31:17-49
132        </provider>
133
134        <receiver
134-->[androidx.profileinstaller:profileinstaller:1.3.1] AndroidManifest.xml:34:9-52:20
135            android:name="androidx.profileinstaller.ProfileInstallReceiver"
135-->[androidx.profileinstaller:profileinstaller:1.3.1] AndroidManifest.xml:35:13-76
136            android:directBootAware="false"
136-->[androidx.profileinstaller:profileinstaller:1.3.1] AndroidManifest.xml:36:13-44
137            android:enabled="true"
137-->[androidx.profileinstaller:profileinstaller:1.3.1] AndroidManifest.xml:37:13-35
138            android:exported="true"
138-->[androidx.profileinstaller:profileinstaller:1.3.1] AndroidManifest.xml:38:13-36
139            android:permission="android.permission.DUMP" >
139-->[androidx.profileinstaller:profileinstaller:1.3.1] AndroidManifest.xml:39:13-57
140            <intent-filter>
140-->[androidx.profileinstaller:profileinstaller:1.3.1] AndroidManifest.xml:40:13-42:29
141                <action android:name="androidx.profileinstaller.action.INSTALL_PROFILE" />
141-->[androidx.profileinstaller:profileinstaller:1.3.1] AndroidManifest.xml:41:17-91
141-->[androidx.profileinstaller:profileinstaller:1.3.1] AndroidManifest.xml:41:25-88
142            </intent-filter>
143            <intent-filter>
143-->[androidx.profileinstaller:profileinstaller:1.3.1] AndroidManifest.xml:43:13-45:29
144                <action android:name="androidx.profileinstaller.action.SKIP_FILE" />
144-->[androidx.profileinstaller:profileinstaller:1.3.1] AndroidManifest.xml:44:17-85
144-->[androidx.profileinstaller:profileinstaller:1.3.1] AndroidManifest.xml:44:25-82
145            </intent-filter>
146            <intent-filter>
146-->[androidx.profileinstaller:profileinstaller:1.3.1] AndroidManifest.xml:46:13-48:29
147                <action android:name="androidx.profileinstaller.action.SAVE_PROFILE" />
147-->[androidx.profileinstaller:profileinstaller:1.3.1] AndroidManifest.xml:47:17-88
147-->[androidx.profileinstaller:profileinstaller:1.3.1] AndroidManifest.xml:47:25-85
148            </intent-filter>
149            <intent-filter>
149-->[androidx.profileinstaller:profileinstaller:1.3.1] AndroidManifest.xml:49:13-51:29
150                <action android:name="androidx.profileinstaller.action.BENCHMARK_OPERATION" />
150-->[androidx.profileinstaller:profileinstaller:1.3.1] AndroidManifest.xml:50:17-95
150-->[androidx.profileinstaller:profileinstaller:1.3.1] AndroidManifest.xml:50:25-92
151            </intent-filter>
152        </receiver>
153    </application>
154
155</manifest>